-------------------------------------------------------------------------------
Test set: com.infinite.SpringbootProfilling.SpringbootProfillingApplicationTests
-------------------------------------------------------------------------------
Tests run: 1, Failures: 0, Errors: 1, Skipped: 0, Time elapsed: 1.373 s <<< FAILURE! - in com.infinite.SpringbootProfilling.SpringbootProfillingApplicationTests
contextLoads  Time elapsed: 0.011 s  <<< ERROR!
java.lang.IllegalStateException: Failed to load ApplicationContext
Caused by: org.springframework.beans.factory.BeanCreationException: Error creating bean with name 'myController': Injection of autowired dependencies failed; nested exception is java.lang.IllegalArgumentException: Could not resolve placeholder 'message' in value "${message}"
Caused by: java.lang.IllegalArgumentException: Could not resolve placeholder 'message' in value "${message}"

